2026-04-26 22:43:57,274 - INFO - User query received: hot
2026-04-26 22:43:57,274 - WARNING - Invalid user query: This app is designed for music recommendations. Please enter a music-related request.
2026-04-26 22:44:20,175 - INFO - User query received: lyric
2026-04-26 22:44:20,176 - WARNING - Invalid user query: This app is designed for music recommendations. Please enter a music-related request.
2026-04-26 22:50:47,056 - INFO - User query received: fast
2026-04-26 22:50:47,057 - WARNING - Invalid user query: This app is designed for music recommendations. Please enter a music-related request.
2026-04-26 22:52:48,003 - INFO - User query received: cool
2026-04-26 22:52:48,005 - WARNING - Invalid user query: This app is designed for music recommendations. Please enter a music-related request.
2026-04-26 22:53:07,264 - INFO - User query received: fast
2026-04-26 22:53:07,264 - INFO - Parsed user preferences: {'genre': 'pop', 'mood': 'happy', 'energy': 0.5, 'likes_acoustic': False}
2026-04-26 22:53:07,264 - INFO - Retrieved 5 songs
2026-04-26 22:53:07,264 - INFO - Built RAG context
2026-04-26 22:53:07,265 - INFO - Generated AI recommendation response
2026-04-26 22:56:04,266 - INFO - User query received: fast
2026-04-26 22:56:04,267 - INFO - Parsed user preferences: {'genre': 'pop', 'mood': 'happy', 'energy': 0.5, 'likes_acoustic': False}
2026-04-26 22:56:04,268 - INFO - Retrieved 5 songs
2026-04-26 22:56:04,268 - INFO - Built RAG context
2026-04-26 22:56:04,268 - INFO - Generated AI recommendation response
2026-04-26 22:56:12,291 - INFO - User query received: cool
2026-04-26 22:56:12,292 - WARNING - Invalid user query: This app is designed for music recommendations. Please enter a music-related request.
2026-04-26 22:56:30,648 - INFO - User query received: classical
2026-04-26 22:56:30,650 - INFO - Parsed user preferences: {'genre': 'pop', 'mood': 'happy', 'energy': 0.5, 'likes_acoustic': False}
2026-04-26 22:56:30,650 - INFO - Retrieved 5 songs
2026-04-26 22:56:30,651 - INFO - Built RAG context
2026-04-26 22:56:30,651 - INFO - Generated AI recommendation response
2026-04-26 22:56:33,810 - INFO - User query received: pop
2026-04-26 22:56:33,810 - INFO - Parsed user preferences: {'genre': 'pop', 'mood': 'happy', 'energy': 0.5, 'likes_acoustic': False}
2026-04-26 22:56:33,810 - INFO - Retrieved 5 songs
2026-04-26 22:56:33,810 - INFO - Built RAG context
2026-04-26 22:56:33,810 - INFO - Generated AI recommendation response
2026-04-26 22:56:41,956 - INFO - User query received: slow
2026-04-26 22:56:41,957 - INFO - Parsed user preferences: {'genre': 'pop', 'mood': 'happy', 'energy': 0.5, 'likes_acoustic': False}
2026-04-26 22:56:41,957 - INFO - Retrieved 5 songs
2026-04-26 22:56:41,957 - INFO - Built RAG context
2026-04-26 22:56:41,957 - INFO - Generated AI recommendation response
2026-04-26 22:56:50,159 - INFO - User query received: guitar
2026-04-26 22:56:50,160 - WARNING - Invalid user query: This app is designed for music recommendations. Please enter a music-related request.
2026-04-26 22:56:55,149 - INFO - User exited the application.
2026-04-26 23:22:45,167 - INFO - User query received: I want calm music for study
2026-04-26 23:22:45,169 - INFO - Parsed user preferences: {'genre': 'pop', 'mood': 'chill', 'energy': 0.3, 'likes_acoustic': False}
2026-04-26 23:22:45,170 - INFO - Retrieved 5 songs
2026-04-26 23:22:45,170 - INFO - Built RAG context
2026-04-26 23:22:45,170 - INFO - Generated AI recommendation response
2026-04-26 23:22:59,938 - INFO - User query received: Recommend upbeat pop songs for a workout
2026-04-26 23:22:59,939 - INFO - Parsed user preferences: {'genre': 'pop', 'mood': 'happy', 'energy': 0.8, 'likes_acoustic': False}
2026-04-26 23:22:59,939 - INFO - Retrieved 5 songs
2026-04-26 23:22:59,939 - INFO - Built RAG context
2026-04-26 23:22:59,939 - INFO - Generated AI recommendation response
2026-04-26 23:23:18,313 - INFO - User query received: I want intense rock music
2026-04-26 23:23:18,314 - INFO - Parsed user preferences: {'genre': 'rock', 'mood': 'intense', 'energy': 0.9, 'likes_acoustic': False}
2026-04-26 23:23:18,314 - INFO - Retrieved 5 songs
2026-04-26 23:23:18,314 - INFO - Built RAG context
2026-04-26 23:23:18,315 - INFO - Generated AI recommendation response
2026-04-26 23:23:19,919 - INFO - User exited the application.
2026-04-26 23:26:57,637 - INFO - User query received: I want calm music for studying
2026-04-26 23:26:57,638 - INFO - Parsed user preferences: {'genre': 'pop', 'mood': 'chill', 'energy': 0.3, 'likes_acoustic': False}
2026-04-26 23:26:57,638 - INFO - Retrieved 5 songs
2026-04-26 23:26:57,639 - INFO - Built RAG context
2026-04-26 23:26:57,639 - INFO - Generated AI recommendation response
2026-04-26 23:27:26,813 - INFO - User query received: Recommend upbeat pop music for a workout
2026-04-26 23:27:26,814 - INFO - Parsed user preferences: {'genre': 'pop', 'mood': 'happy', 'energy': 0.8, 'likes_acoustic': False}
2026-04-26 23:27:26,815 - INFO - Retrieved 5 songs
2026-04-26 23:27:26,815 - INFO - Built RAG context
2026-04-26 23:27:26,815 - INFO - Generated AI recommendation response
2026-04-26 23:27:54,432 - INFO - User query received: I want intense rock music but I also like acoustic songs
2026-04-26 23:27:54,435 - INFO - Parsed user preferences: {'genre': 'rock', 'mood': 'intense', 'energy': 0.9, 'likes_acoustic': True}
2026-04-26 23:27:54,435 - INFO - Retrieved 5 songs
2026-04-26 23:27:54,435 - INFO - Built RAG context
2026-04-26 23:27:54,435 - INFO - Generated AI recommendation response
2026-04-26 23:28:09,865 - INFO - User exited the application.
2026-04-26 23:31:18,807 - INFO - User query received: I want calm music for studying
2026-04-26 23:31:18,809 - INFO - Parsed user preferences: {'genre': 'pop', 'mood': 'chill', 'energy': 0.3, 'likes_acoustic': False}
2026-04-26 23:31:18,809 - INFO - Retrieved 5 songs
2026-04-26 23:31:18,809 - INFO - Built RAG context
2026-04-26 23:31:18,809 - INFO - Generated AI recommendation response
2026-04-26 23:31:48,870 - INFO - User query received: Recommend upbeat pop songs for a workout
2026-04-26 23:31:48,871 - INFO - Parsed user preferences: {'genre': 'pop', 'mood': 'happy', 'energy': 0.8, 'likes_acoustic': False}
2026-04-26 23:31:48,872 - INFO - Retrieved 5 songs
2026-04-26 23:31:48,872 - INFO - Built RAG context
2026-04-26 23:31:48,872 - INFO - Generated AI recommendation response
2026-04-26 23:32:19,272 - INFO - User query received: I want intense rock musi but I also like acoustic songs
2026-04-26 23:32:19,274 - INFO - Parsed user preferences: {'genre': 'rock', 'mood': 'intense', 'energy': 0.9, 'likes_acoustic': True}
2026-04-26 23:32:19,274 - INFO - Retrieved 5 songs
2026-04-26 23:32:19,274 - INFO - Built RAG context
2026-04-26 23:32:19,274 - INFO - Generated AI recommendation response
2026-04-26 23:32:36,216 - INFO - User exited the application.
